10045:
2314434 3.725
10046:
1178866 3.725
803423 3.725
2506142 3.725
10047:
205729 3.725
827378 3.725
711436 3.725
1636386 3.725
193212 3.725
346924 3.725
1951856 3.725
743660 3.725
10048:
1590947 3.725
1367805 3.725
449591 3.725
1293456 3.725
1741802 3.725
2350428 3.725
1295702 3.725
10049:
1430873 3.725
555892 3.725
2082280 3.725
1005:
188792 3.725
239493 3.725
532649 3.725
172948 3.725
1375320 3.725
2262661 3.725
499648 3.725
1992424 3.725
2520684 3.725
202738 3.725
776836 3.725
786246 3.725
1492104 3.725
10050:
578168 3.725
498400 3.725
2540580 3.725
443256 3.725
763359 3.725
1619179 3.725
10051:
1992514 3.725
1444088 3.725
1181854 3.725
2640987 3.725
1637718 3.725
99993 3.725
2068042 3.725
2263492 3.725
42667 3.725
2183823 3.725
333589 3.725
1044758 3.725
2528820 3.725
1834032 3.725
974174 3.725
1296599 3.725
1595090 3.725
2096722 3.725
526154 3.725
1403360 3.725
2146083 3.725
10052:
256656 3.725
1205948 3.725
1748906 3.725
2018103 3.725
2597320 3.725
10053:
2498427 3.725
1424098 3.725
2346412 3.725
1603364 3.725
2245155 3.725
374663 3.725
417525 3.725
754005 3.725
474325 3.725
1518947 3.725
2181455 3.725
921472 3.725
512984 3.725
2641058 3.725
1782074 3.725
2205732 3.725
780136 3.725
1569985 3.725
2640042 3.725
1765813 3.725
1976224 3.725
652469 3.725
1712565 3.725
1521838 3.725
1808452 3.725
172291 3.725
1111395 3.725
1189934 3.725
1418575 3.725
959717 3.725
2070471 3.725
1731330 3.725
2455012 3.725
404156 3.725
22415 3.725
2155274 3.725
2018196 3.725
398215 3.725
700467 3.725
307168 3.725
2058077 3.725
1897417 3.725
884498 3.725
502067 3.725
1988672 3.725
2329133 3.725
2593690 3.725
654696 3.725
1615992 3.725
1716430 3.725
1180971 3.725
2324556 3.725
165745 3.725
1544780 3.725
1500196 3.725
814070 3.725
553335 3.725
1144699 3.725
2399472 3.725
210420 3.725
1740017 3.725
793327 3.725
2165004 3.725
194837 3.725
1447450 3.725
1234282 3.725
2170999 3.725
675886 3.725
10054:
1287459 3.725
2106757 3.725
1495930 3.725
1203103 3.725
1496895 3.725
656104 3.725
1123422 3.725
692590 3.725
240181 3.725
1728861 3.725
1501314 3.725
1502856 3.725
10055:
858554 3.725
404922 3.725
333277 3.725
2160155 3.725
218872 3.725
1096960 3.725
1916237 3.725
703706 3.725
2166546 3.725
1608757 3.725
1372898 3.725
2595083 3.725
476167 3.725
512484 3.725
285157 3.725
310249 3.725
1893955 3.725
1628517 3.725
394546 3.725
1199142 3.725
1228362 3.725
980738 3.725
240779 3.725
692943 3.725
320564 3.725
1485728 3.725
1070295 3.725
2046048 3.725
1755262 3.725
2619777 3.725
1950879 3.725
2456770 3.725
1475698 3.725
846505 3.725
205561 3.725
2077906 3.725
499003 3.725
1406565 3.725
2027693 3.725
1748906 3.725
2187995 3.725
700728 3.725
712778 3.725
2017966 3.725
224795 3.725
84218 3.725
2306758 3.725
1732558 3.725
2634044 3.725
244325 3.725
211664 3.725
1180237 3.725
578782 3.725
782382 3.725
841012 3.725
77954 3.725
1899671 3.725
116627 3.725
1189087 3.725
615643 3.725
1282499 3.725
874755 3.725
1430847 3.725
1175852 3.725
1637265 3.725
1842846 3.725
689610 3.725
452961 3.725
677023 3.725
2277087 3.725
1734783 3.725
1722344 3.725
286483 3.725
385653 3.725
232833 3.725
1724468 3.725
1500082 3.725
1050712 3.725
305836 3.725
10056:
1787873 3.725
1616351 3.725
935806 3.725
559484 3.725
1124592 3.725
2622415 3.725
1036019 3.725
10057:
287967 3.725
2030226 3.725
1602132 3.725
1594434 3.725
969182 3.725
1099833 3.725
10058:
1300105 3.725
2626413 3.725
10059:
962754 3.725
1006:
1004708 3.725
762076 3.725
1403722 3.725
1902516 3.725
2406158 3.725
2435695 3.725
1513947 3.725
2611526 3.725
632767 3.725
1640206 3.725
2036565 3.725
1160227 3.725
1248774 3.725
569435 3.725
1211238 3.725
1876964 3.725
286282 3.725
2558726 3.725
1406311 3.725
2385508 3.725
847471 3.725
1099321 3.725
1923690 3.725
2464105 3.725
135797 3.725
2497555 3.725
1191009 3.725
1875322 3.725
2328673 3.725
1679271 3.725
10060:
2205605 3.725
2487299 3.725
1224482 3.725
1885736 3.725
198094 3.725
521705 3.725
2473355 3.725
1539568 3.725
201780 3.725
10061:
2603559 3.725
1547800 3.725
2151013 3.725
129921 3.725
2351046 3.725
1880166 3.725
435536 3.725
1435041 3.725
72207 3.725
42623 3.725
2069538 3.725
324903 3.725
2437043 3.725
752507 3.725
2220920 3.725
1615526 3.725
2175791 3.725
2582764 3.725
492993 3.725
711675 3.725
476591 3.725
2614221 3.725
703594 3.725
2038901 3.725
2116224 3.725
1024554 3.725
747877 3.725
1273677 3.725
1232745 3.725
2259598 3.725
1074848 3.725
2306379 3.725
1541288 3.725
880471 3.725
2439237 3.725
2579439 3.725
1209609 3.725
1692688 3.725
1630054 3.725
510701 3.725
2004259 3.725
656005 3.725
551375 3.725
2374914 3.725
2344963 3.725
1985140 3.725
1837979 3.725
201896 3.725
1527380 3.725
1075798 3.725
1479888 3.725
723135 3.725
2091526 3.725
160936 3.725
391575 3.725
957170 3.725
939013 3.725
783252 3.725
1028975 3.725
1406976 3.725
784955 3.725
2648730 3.725
576600 3.725
2362194 3.725
786197 3.725
289009 3.725
770031 3.725
2103468 3.725
1387446 3.725
281344 3.725
2416451 3.725
1975589 3.725
1699740 3.725
1994755 3.725
2000674 3.725
1996245 3.725
546402 3.725
840306 3.725
1378509 3.725
848998 3.725
1458042 3.725
1305099 3.725
475676 3.725
1265308 3.725
1690831 3.725
1175356 3.725
1944582 3.725
447137 3.725
1643042 3.725
690106 3.725
804129 3.725
56515 3.725
1649714 3.725
177156 3.725
2618313 3.725
1225857 3.725
310904 3.725
446258 3.725
1291484 3.725
800563 3.725
2488811 3.725
673306 3.725
416453 3.725
2294599 3.725
1689758 3.725
1435512 3.725
1890583 3.725
1748322 3.725
1890329 3.725
219756 3.725
932993 3.725
1235827 3.725
91829 3.725
1302622 3.725
1589143 3.725
141483 3.725
457445 3.725
2105045 3.725
2248232 3.725
2326969 3.725
909041 3.725
1919294 3.725
1542307 3.725
1247398 3.725
2460414 3.725
1827197 3.725
1339354 3.725
1178380 3.725
2601942 3.725
2582123 3.725
139255 3.725
1575209 3.725
2267054 3.725
175935 3.725
1202577 3.725
2439077 3.725
914484 3.725
458842 3.725
1167614 3.725
2266201 3.725
2490543 3.725
1576126 3.725
2108469 3.725
306431 3.725
251179 3.725
592924 3.725
2615067 3.725
2000525 3.725
2587620 3.725
599094 3.725
461348 3.725
10062:
1084001 3.725
995737 3.725
10063:
2646124 3.725
1059193 3.725
2498639 3.725
2232100 3.725
846288 3.725
1891279 3.725
326040 3.725
2220804 3.725
1147138 3.725
477002 3.725
278598 3.725
1085817 3.725
1989258 3.725
1227162 3.725
10064:
66853 3.725
2242375 3.725
867948 3.725
10065:
2644587 3.725
1866984 3.725
311779 3.725
1022903 3.725
2245995 3.725
2030254 3.725
443483 3.725
848170 3.725
1615808 3.725
2543696 3.725
1973962 3.725
379292 3.725
1693955 3.725
337701 3.725
2489253 3.725
937678 3.725
2139616 3.725
517128 3.725
2150901 3.725
2092667 3.725
650570 3.725
1345167 3.725
2317837 3.725
1708462 3.725
1484075 3.725
2043181 3.725
579834 3.725
501340 3.725
210750 3.725
904331 3.725
1009543 3.725
1573062 3.725
704521 3.725
624813 3.725
1777165 3.725
1257571 3.725
10066:
1544919 3.725
1712360 3.725
964645 3.725
608114 3.725
1943448 3.725
10067:
1747200 3.725
212759 3.725
1678519 3.725
1025440 3.725
2400195 3.725
2331378 3.725
1715415 3.725
10068:
2169183 3.725
1200359 3.725
1477194 3.725
1861603 3.725
1516386 3.725
2217808 3.725
10069:
2140139 3.725
1555169 3.725
562543 3.725
1007:
95090 3.725
468346 3.725
84508 3.725
2202141 3.725
2383688 3.725
10070:
1611581 3.725
2116105 3.725
2126134 3.725
10071:
2278157 3.725
2608100 3.725
653321 3.725
461910 3.725
2509839 3.725
993168 3.725
347785 3.725
199585 3.725
968059 3.725
2469183 3.725
703853 3.725
945346 3.725
2199353 3.725
210214 3.725
2409797 3.725
314571 3.725
1816577 3.725
2284829 3.725
846392 3.725
1283406 3.725
2065735 3.725
10072:
1721684 3.725
948069 3.725
747395 3.725
1541854 3.725
2436553 3.725
2639141 3.725
152517 3.725
968466 3.725
852660 3.725
2332407 3.725
2149025 3.725
1985518 3.725
2563564 3.725
2436530 3.725
1568641 3.725
1045844 3.725
803093 3.725
1110245 3.725
809336 3.725
2091440 3.725
2640363 3.725
2613974 3.725
2227829 3.725
184077 3.725
2424227 3.725
504418 3.725
1824701 3.725
1056337 3.725
342854 3.725
1997031 3.725
2112651 3.725
1784778 3.725
1543077 3.725
2149554 3.725
2534017 3.725
512410 3.725
2247429 3.725
1185627 3.725
1168032 3.725
272211 3.725
1603497 3.725
1563172 3.725
1141163 3.725
539873 3.725
82243 3.725
1331942 3.725
1015971 3.725
2446058 3.725
339113 3.725
1957036 3.725
2550829 3.725
686487 3.725
786404 3.725
2523066 3.725
2036100 3.725
781293 3.725
265463 3.725
2215126 3.725
2046509 3.725
2256692 3.725
1327637 3.725
612163 3.725
1084225 3.725
63275 3.725
585989 3.725
1776577 3.725
445177 3.725
1695902 3.725
1322878 3.725
2202369 3.725
1656679 3.725
2011431 3.725
598595 3.725
2424941 3.725
10073:
855860 3.725
770122 3.725
2027058 3.725
166603 3.725
2524705 3.725
1027050 3.725
1842060 3.725
99477 3.725
1754430 3.725
1128682 3.725
2077354 3.725
569739 3.725
1064540 3.725
844651 3.725
285476 3.725
1762872 3.725
1566161 3.725
10074:
2008983 3.725
879596 3.725
165823 3.725
1606342 3.725
1152053 3.725
1056823 3.725
1810386 3.725
2236080 3.725
1520576 3.725
210601 3.725
343906 3.725
2265491 3.725
1443203 3.725
2022092 3.725
2535562 3.725
10075:
2646449 3.725
10076:
2272830 3.725
2624371 3.725
506736 3.725
1429578 3.725
2592263 3.725
1502898 3.725
453610 3.725
10077:
1707924 3.725
748800 3.725
1265934 3.725
454612 3.725
1274786 3.725
454878 3.725
302198 3.725
57012 3.725
600141 3.725
835474 3.725
1334873 3.725
598940 3.725
1498624 3.725
10078:
2620220 3.725
2028757 3.725
582862 3.725
2116134 3.725
1026616 3.725
269374 3.725
494658 3.725
1312224 3.725
2549758 3.725
2526970 3.725
750543 3.725
1348849 3.725
2239070 3.725
200387 3.725
831360 3.725
1511575 3.725
1277733 3.725
862584 3.725
1363161 3.725
157112 3.725
1005142 3.725
1517627 3.725
1362948 3.725
1484394 3.725
1369154 3.725
391799 3.725
1066271 3.725
1464365 3.725
61821 3.725
407828 3.725
2637925 3.725
1799269 3.725
1467880 3.725
2522590 3.725
1423199 3.725
1591786 3.725
1337074 3.725
1782462 3.725
2328544 3.725
2340228 3.725
1845829 3.725
98737 3.725
2525160 3.725
2087800 3.725
1666682 3.725
1165562 3.725
618603 3.725
1049221 3.725
994077 3.725
1368715 3.725
1661120 3.725
1555116 3.725
1506188 3.725
227703 3.725
1052469 3.725
1797293 3.725
1348754 3.725
2038186 3.725
1763857 3.725
376221 3.725
19641 3.725
504600 3.725
2371095 3.725
650898 3.725
2476368 3.725
1768815 3.725
1203316 3.725
733491 3.725
2598367 3.725
223660 3.725
666447 3.725
2465826 3.725
856134 3.725
2282989 3.725
1458894 3.725
1672647 3.725
2293485 3.725
327209 3.725
1138491 3.725
1616870 3.725
1876996 3.725
34764 3.725
373574 3.725
1885426 3.725
682566 3.725
1430590 3.725
2359760 3.725
1649398 3.725
154770 3.725
1511121 3.725
1994790 3.725
948524 3.725
2372527 3.725
2390409 3.725
1317760 3.725
1761437 3.725
2640070 3.725
1358401 3.725
2270767 3.725
560480 3.725
1980603 3.725
935078 3.725
1661357 3.725
166281 3.725
1477859 3.725
1364173 3.725
213865 3.725
459386 3.725
5668 3.725
1611752 3.725
903214 3.725
853058 3.725
1980398 3.725
351202 3.725
2548357 3.725
1718041 3.725
1600968 3.725
2171203 3.725
1839639 3.725
2110774 3.725
2612992 3.725
1855217 3.725
2185950 3.725
329442 3.725
2184389 3.725
1378539 3.725
2278778 3.725
1166444 3.725
313831 3.725
2267987 3.725
2503319 3.725
2341546 3.725
2057116 3.725
2372644 3.725
250595 3.725
1794406 3.725
542683 3.725
279187 3.725
189661 3.725
2501330 3.725
934625 3.725
10079:
917805 3.725
999532 3.725
2154688 3.725
399926 3.725
200206 3.725
210481 3.725
257648 3.725
1352799 3.725
44620 3.725
225449 3.725
1633162 3.725
2222433 3.725
1287249 3.725
539110 3.725
104258 3.725
2050996 3.725
1072799 3.725
1184502 3.725
1631358 3.725
1612760 3.725
2117566 3.725
1008:
32950 3.725
2518523 3.725
1733072 3.725
1619646 3.725
2620565 3.725
574670 3.725
124611 3.725
1968788 3.725
1791274 3.725
127088 3.725
355479 3.725
2397671 3.725
1014716 3.725
294890 3.725
1631646 3.725
489973 3.725
1827918 3.725
1955755 3.725
1691141 3.725
1245082 3.725
2020320 3.725
264360 3.725
336778 3.725
1468951 3.725
2567695 3.725
1296980 3.725
2387637 3.725
1027103 3.725
799650 3.725
2059956 3.725
1301605 3.725
1087747 3.725
1089037 3.725
2488249 3.725
9781 3.725
1927403 3.725
2276942 3.725
1695122 3.725
2258412 3.725
1614163 3.725
10080:
229220 3.725
1296825 3.725
934140 3.725
2518320 3.725
683880 3.725
1409611 3.725
2324522 3.725
1515269 3.725
650808 3.725
624334 3.725
1015960 3.725
181985 3.725
1658683 3.725
241712 3.725
477696 3.725
825966 3.725
835771 3.725
2452192 3.725
49429 3.725
1627837 3.725
1818887 3.725
1239426 3.725
1694860 3.725
921405 3.725
1042749 3.725
1121110 3.725
1953117 3.725
1308624 3.725
1344730 3.725
1361853 3.725
1238356 3.725
253707 3.725
1611693 3.725
1216933 3.725
2600588 3.725
1352887 3.725
457909 3.725
384781 3.725
1159110 3.725
1708857 3.725
2000071 3.725
2202242 3.725
354857 3.725
1487731 3.725
1837671 3.725
2633459 3.725
2360159 3.725
2100626 3.725
2029590 3.725
356410 3.725
2221143 3.725
342609 3.725
2246138 3.725
2456331 3.725
2409550 3.725
703131 3.725
1175506 3.725
505375 3.725
2027895 3.725
2216724 3.725
2425452 3.725
21212 3.725
1919510 3.725
966868 3.725
2291972 3.725
2209932 3.725
1865959 3.725
1351545 3.725
1689573 3.725
1135980 3.725
2284646 3.725
928192 3.725
1279382 3.725
768929 3.725
1588895 3.725
2360740 3.725
281979 3.725
564596 3.725
298669 3.725
767938 3.725
1053600 3.725
16477 3.725
870405 3.725
426066 3.725
534306 3.725
1463625 3.725
1022161 3.725
791621 3.725
2600419 3.725
2366251 3.725
1394815 3.725
413883 3.725
85082 3.725
1455730 3.725
2124228 3.725
1177965 3.725
1645243 3.725
1233631 3.725
1081832 3.725
2336349 3.725
59596 3.725
1879955 3.725
774369 3.725
1382862 3.725
1568541 3.725
443286 3.725
647171 3.725
1084071 3.725
2310468 3.725
1715756 3.725
607633 3.725
1550492 3.725
1697635 3.725
602785 3.725
292758 3.725
375995 3.725
623297 3.725
1283908 3.725
1418302 3.725
363539 3.725
156747 3.725
2465094 3.725
2072590 3.725
1637013 3.725
424935 3.725
2056256 3.725
1949208 3.725
957348 3.725
163928 3.725
2350485 3.725
1853715 3.725
2545689 3.725
2243508 3.725
1438634 3.725
1734231 3.725
1078058 3.725
811134 3.725
2448511 3.725
193059 3.725
1422021 3.725
1606775 3.725
1672587 3.725
2568985 3.725
438879 3.725
1129746 3.725
1811113 3.725
522520 3.725
894354 3.725
2267950 3.725
2192915 3.725
536631 3.725
2337099 3.725
140287 3.725
2440264 3.725
45960 3.725
2112666 3.725
1467298 3.725
766313 3.725
2213136 3.725
183489 3.725
28774 3.725
1489023 3.725
29880 3.725
2605324 3.725
2192158 3.725
30514 3.725
135019 3.725
139211 3.725
164882 3.725
350766 3.725
1132123 3.725
2362832 3.725
2316403 3.725
2598710 3.725
599223 3.725
2131047 3.725
170811 3.725
1691409 3.725
